# JRE version: OpenJDK Runtime Environment (11.0.12+7) (build 11.0.12+7-b1504.28-7817840)
# Java VM: OpenJDK 64-Bit Server VM (11.0.12+7-b1504.28-7817840, mixed mode, tiered, compressed oops, g1 gc, windows-amd64)
Heap:
 garbage-first heap   total 284672K, used 198978K [0x0000000080000000, 0x0000000100000000)
  region size 1024K, 143 young (146432K), 8 survivors (8192K)
 Metaspace       used 80563K, capacity 82266K, committed 82340K, reserved 1120256K
  class space    used 10386K, capacity 11062K, committed 11084K, reserved 1048576K
GC Heap History (20 events):
Event: 0.940 GC heap before
{Heap before GC invocations=1 (full 0):
 garbage-first heap   total 196608K, used 20225K [0x0000000080000000, 0x0000000100000000)
  region size 1024K, 14 young (14336K), 2 survivors (2048K)
 Metaspace       used 10259K, capacity 10561K, committed 10624K, reserved 1058816K
  class space    used 1072K, capacity 1139K, committed 1152K, reserved 1048576K
}
Event: 0.943 GC heap after
{Heap after GC invocations=2 (full 0):
 garbage-first heap   total 196608K, used 9959K [0x0000000080000000, 0x0000000100000000)
  region size 1024K, 2 young (2048K), 2 survivors (2048K)
 Metaspace       used 10259K, capacity 10561K, committed 10624K, reserved 1058816K
  class space    used 1072K, capacity 1139K, committed 1152K, reserved 1048576K
}
Event: 1.433 GC heap before
{Heap before GC invocations=2 (full 0):
 garbage-first heap   total 196608K, used 40679K [0x0000000080000000, 0x0000000100000000)
  region size 1024K, 31 young (31744K), 2 survivors (2048K)
 Metaspace       used 11221K, capacity 11452K, committed 11520K, reserved 1058816K
  class space    used 1175K, capacity 1244K, committed 1280K, reserved 1048576K
}
Event: 1.436 GC heap after
{Heap after GC invocations=3 (full 0):
 garbage-first heap   total 196608K, used 12742K [0x0000000080000000, 0x0000000100000000)
  region size 1024K, 4 young (4096K), 4 survivors (4096K)
 Metaspace       used 11221K, capacity 11452K, committed 11520K, reserved 1058816K
  class space    used 1175K, capacity 1244K, committed 1280K, reserved 1048576K
}
Event: 3.103 GC heap before
{Heap before GC invocations=3 (full 0):
 garbage-first heap   total 196608K, used 55750K [0x0000000080000000, 0x0000000100000000)
  region size 1024K, 47 young (48128K), 4 survivors (4096K)
 Metaspace       used 17835K, capacity 18301K, committed 18432K, reserved 1064960K
  class space    used 2116K, capacity 2275K, committed 2304K, reserved 1048576K
}
Event: 3.113 GC heap after
{Heap after GC invocations=4 (full 0):
 garbage-first heap   total 196608K, used 16755K [0x0000000080000000, 0x0000000100000000)
  region size 1024K, 6 young (6144K), 6 survivors (6144K)
 Metaspace       used 17835K, capacity 18301K, committed 18432K, reserved 1064960K
  class space    used 2116K, capacity 2275K, committed 2304K, reserved 1048576K
}
Event: 3.544 GC heap before
{Heap before GC invocations=4 (full 0):
 garbage-first heap   total 196608K, used 42355K [0x0000000080000000, 0x0000000100000000)
  region size 1024K, 32 young (32768K), 6 survivors (6144K)
 Metaspace       used 20667K, capacity 21177K, committed 21296K, reserved 1069056K
  class space    used 2544K, capacity 2680K, committed 2688K, reserved 1048576K
}
Event: 3.553 GC heap after
{Heap after GC invocations=5 (full 0):
 garbage-first heap   total 196608K, used 17301K [0x0000000080000000, 0x0000000100000000)
  region size 1024K, 7 young (7168K), 7 survivors (7168K)
 Metaspace       used 20667K, capacity 21177K, committed 21296K, reserved 1069056K
  class space    used 2544K, capacity 2680K, committed 2688K, reserved 1048576K
}
Event: 4.509 GC heap before
{Heap before GC invocations=6 (full 0):
 garbage-first heap   total 196608K, used 77717K [0x0000000080000000, 0x0000000100000000)
  region size 1024K, 67 young (68608K), 7 survivors (7168K)
 Metaspace       used 27004K, capacity 27570K, committed 27824K, reserved 1073152K
  class space    used 3526K, capacity 3736K, committed 3840K, reserved 1048576K
}
Event: 4.520 GC heap after
{Heap after GC invocations=7 (full 0):
 garbage-first heap   total 196608K, used 19914K [0x0000000080000000, 0x0000000100000000)
  region size 1024K, 8 young (8192K), 8 survivors (8192K)
 Metaspace       used 27004K, capacity 27570K, committed 27824K, reserved 1073152K
  class space    used 3526K, capacity 3736K, committed 3840K, reserved 1048576K
}
Event: 5.568 GC heap before
{Heap before GC invocations=7 (full 0):
 garbage-first heap   total 196608K, used 73162K [0x0000000080000000, 0x0000000100000000)
  region size 1024K, 61 young (62464K), 8 survivors (8192K)
 Metaspace       used 34850K, capacity 35659K, committed 35708K, reserved 1081344K
  class space    used 4513K, capacity 4839K, committed 4864K, reserved 1048576K
}
Event: 5.587 GC heap after
{Heap after GC invocations=8 (full 0):
 garbage-first heap   total 236544K, used 22809K [0x0000000080000000, 0x0000000100000000)
  region size 1024K, 7 young (7168K), 7 survivors (7168K)
 Metaspace       used 34850K, capacity 35659K, committed 35708K, reserved 1081344K
  class space    used 4513K, capacity 4839K, committed 4864K, reserved 1048576K
}
Event: 7.815 GC heap before
{Heap before GC invocations=9 (full 0):
 garbage-first heap   total 236544K, used 136473K [0x0000000080000000, 0x0000000100000000)
  region size 1024K, 115 young (117760K), 7 survivors (7168K)
 Metaspace       used 44412K, capacity 45497K, committed 45640K, reserved 1089536K
  class space    used 5673K, capacity 6080K, committed 6092K, reserved 1048576K
}
Event: 7.853 GC heap after
{Heap after GC invocations=10 (full 0):
 garbage-first heap   total 236544K, used 30163K [0x0000000080000000, 0x0000000100000000)
  region size 1024K, 14 young (14336K), 14 survivors (14336K)
 Metaspace       used 44412K, capacity 45497K, committed 45640K, reserved 1089536K
  class space    used 5673K, capacity 6080K, committed 6092K, reserved 1048576K
}
Event: 11.135 GC heap before
{Heap before GC invocations=10 (full 0):
 garbage-first heap   total 236544K, used 156115K [0x0000000080000000, 0x0000000100000000)
  region size 1024K, 138 young (141312K), 14 survivors (14336K)
 Metaspace       used 55384K, capacity 56638K, committed 56904K, reserved 1099776K
  class space    used 7033K, capacity 7522K, committed 7628K, reserved 1048576K
}
Event: 11.165 GC heap after
{Heap after GC invocations=11 (full 0):
 garbage-first heap   total 236544K, used 37342K [0x0000000080000000, 0x0000000100000000)
  region size 1024K, 15 young (15360K), 15 survivors (15360K)
 Metaspace       used 55384K, capacity 56638K, committed 56904K, reserved 1099776K
  class space    used 7033K, capacity 7522K, committed 7628K, reserved 1048576K
}
Event: 13.152 GC heap before
{Heap before GC invocations=11 (full 0):
 garbage-first heap   total 236544K, used 114142K [0x0000000080000000, 0x0000000100000000)
  region size 1024K, 84 young (86016K), 15 survivors (15360K)
 Metaspace       used 58580K, capacity 59941K, committed 60068K, reserved 1101824K
  class space    used 7409K, capacity 7940K, committed 8012K, reserved 1048576K
}
Event: 13.190 GC heap after
{Heap after GC invocations=12 (full 0):
 garbage-first heap   total 236544K, used 54272K [0x0000000080000000, 0x0000000100000000)
  region size 1024K, 16 young (16384K), 16 survivors (16384K)
 Metaspace       used 58580K, capacity 59941K, committed 60068K, reserved 1101824K
  class space    used 7409K, capacity 7940K, committed 8012K, reserved 1048576K
}
Event: 15.524 GC heap before
{Heap before GC invocations=13 (full 0):
 garbage-first heap   total 236544K, used 175104K [0x0000000080000000, 0x0000000100000000)
  region size 1024K, 134 young (137216K), 16 survivors (16384K)
 Metaspace       used 70964K, capacity 72578K, committed 72740K, reserved 1112064K
  class space    used 8984K, capacity 9579K, committed 9676K, reserved 1048576K
}
Event: 15.552 GC heap after
{Heap after GC invocations=14 (full 0):
 garbage-first heap   total 284672K, used 61762K [0x0000000080000000, 0x0000000100000000)
  region size 1024K, 8 young (8192K), 8 survivors (8192K)
 Metaspace       used 70964K, capacity 72578K, committed 72740K, reserved 1112064K
  class space    used 8984K, capacity 9579K, committed 9676K, reserved 1048576K
}

