# JRE version: OpenJDK Runtime Environment (11.0.12+7) (build 11.0.12+7-b1504.28-7817840)
# Java VM: OpenJDK 64-Bit Server VM (11.0.12+7-b1504.28-7817840, mixed mode, tiered, compressed oops, g1 gc, windows-amd64)
Heap:
 garbage-first heap   total 284672K, used 168554K [0x0000000080000000, 0x0000000100000000)
  region size 1024K, 59 young (60416K), 10 survivors (10240K)
 Metaspace       used 105937K, capacity 108785K, committed 109012K, reserved 1144832K
  class space    used 13672K, capacity 14720K, committed 14720K, reserved 1048576K
GC Heap History (20 events):
Event: 16.140 GC heap before
{Heap before GC invocations=15 (full 0):
 garbage-first heap   total 236544K, used 178263K [0x0000000080000000, 0x0000000100000000)
  region size 1024K, 125 young (128000K), 12 survivors (12288K)
 Metaspace       used 76534K, capacity 78281K, committed 78412K, reserved 1118208K
  class space    used 9690K, capacity 10316K, committed 10368K, reserved 1048576K
}
Event: 16.170 GC heap after
{Heap after GC invocations=16 (full 0):
 garbage-first heap   total 236544K, used 68717K [0x0000000080000000, 0x0000000100000000)
  region size 1024K, 14 young (14336K), 14 survivors (14336K)
 Metaspace       used 76534K, capacity 78281K, committed 78412K, reserved 1118208K
  class space    used 9690K, capacity 10316K, committed 10368K, reserved 1048576K
}
Event: 18.239 GC heap before
{Heap before GC invocations=16 (full 0):
 garbage-first heap   total 236544K, used 182381K [0x0000000080000000, 0x0000000100000000)
  region size 1024K, 125 young (128000K), 14 survivors (14336K)
 Metaspace       used 84097K, capacity 85957K, committed 86092K, reserved 1124352K
  class space    used 10864K, capacity 11576K, committed 11648K, reserved 1048576K
}
Event: 18.270 GC heap after
{Heap after GC invocations=17 (full 0):
 garbage-first heap   total 284672K, used 75675K [0x0000000080000000, 0x0000000100000000)
  region size 1024K, 14 young (14336K), 14 survivors (14336K)
 Metaspace       used 84097K, capacity 85957K, committed 86092K, reserved 1124352K
  class space    used 10864K, capacity 11576K, committed 11648K, reserved 1048576K
}
Event: 20.929 GC heap before
{Heap before GC invocations=17 (full 0):
 garbage-first heap   total 284672K, used 218011K [0x0000000080000000, 0x0000000100000000)
  region size 1024K, 153 young (156672K), 14 survivors (14336K)
 Metaspace       used 92833K, capacity 95020K, committed 95052K, reserved 1132544K
  class space    used 12104K, capacity 12927K, committed 12928K, reserved 1048576K
}
Event: 20.973 GC heap after
{Heap after GC invocations=18 (full 0):
 garbage-first heap   total 284672K, used 84468K [0x0000000080000000, 0x0000000100000000)
  region size 1024K, 16 young (16384K), 16 survivors (16384K)
 Metaspace       used 92833K, capacity 95020K, committed 95052K, reserved 1132544K
  class space    used 12104K, capacity 12927K, committed 12928K, reserved 1048576K
}
Event: 25.139 GC heap before
{Heap before GC invocations=18 (full 0):
 garbage-first heap   total 284672K, used 224756K [0x0000000080000000, 0x0000000100000000)
  region size 1024K, 154 young (157696K), 16 survivors (16384K)
 Metaspace       used 93846K, capacity 96072K, committed 96204K, reserved 1132544K
  class space    used 12166K, capacity 13034K, committed 13056K, reserved 1048576K
}
Event: 25.180 GC heap after
{Heap after GC invocations=19 (full 0):
 garbage-first heap   total 284672K, used 91764K [0x0000000080000000, 0x0000000100000000)
  region size 1024K, 16 young (16384K), 16 survivors (16384K)
 Metaspace       used 93846K, capacity 96072K, committed 96204K, reserved 1132544K
  class space    used 12166K, capacity 13034K, committed 13056K, reserved 1048576K
}
Event: 28.151 GC heap before
{Heap before GC invocations=19 (full 0):
 garbage-first heap   total 284672K, used 227956K [0x0000000080000000, 0x0000000100000000)
  region size 1024K, 150 young (153600K), 16 survivors (16384K)
 Metaspace       used 94462K, capacity 96749K, committed 96844K, reserved 1132544K
  class space    used 12235K, capacity 13113K, committed 13184K, reserved 1048576K
}
Event: 28.197 GC heap after
{Heap after GC invocations=20 (full 0):
 garbage-first heap   total 284672K, used 98423K [0x0000000080000000, 0x0000000100000000)
  region size 1024K, 14 young (14336K), 14 survivors (14336K)
 Metaspace       used 94462K, capacity 96749K, committed 96844K, reserved 1132544K
  class space    used 12235K, capacity 13113K, committed 13184K, reserved 1048576K
}
Event: 29.288 GC heap before
{Heap before GC invocations=20 (full 0):
 garbage-first heap   total 284672K, used 170103K [0x0000000080000000, 0x0000000100000000)
  region size 1024K, 85 young (87040K), 14 survivors (14336K)
 Metaspace       used 98458K, capacity 100718K, committed 100820K, reserved 1136640K
  class space    used 12745K, capacity 13625K, committed 13696K, reserved 1048576K
}
Event: 29.313 GC heap after
{Heap after GC invocations=21 (full 0):
 garbage-first heap   total 284672K, used 100352K [0x0000000080000000, 0x0000000100000000)
  region size 1024K, 8 young (8192K), 8 survivors (8192K)
 Metaspace       used 98458K, capacity 100718K, committed 100820K, reserved 1136640K
  class space    used 12745K, capacity 13625K, committed 13696K, reserved 1048576K
}
Event: 32.125 GC heap before
{Heap before GC invocations=22 (full 0):
 garbage-first heap   total 284672K, used 231424K [0x0000000080000000, 0x0000000100000000)
  region size 1024K, 137 young (140288K), 8 survivors (8192K)
 Metaspace       used 103144K, capacity 105735K, committed 105940K, reserved 1140736K
  class space    used 13388K, capacity 14376K, committed 14464K, reserved 1048576K
}
Event: 32.152 GC heap after
{Heap after GC invocations=23 (full 0):
 garbage-first heap   total 284672K, used 106333K [0x0000000080000000, 0x0000000100000000)
  region size 1024K, 14 young (14336K), 14 survivors (14336K)
 Metaspace       used 103144K, capacity 105735K, committed 105940K, reserved 1140736K
  class space    used 13388K, capacity 14376K, committed 14464K, reserved 1048576K
}
Event: 45.525 GC heap before
{Heap before GC invocations=24 (full 0):
 garbage-first heap   total 284672K, used 233309K [0x0000000080000000, 0x0000000100000000)
  region size 1024K, 139 young (142336K), 14 survivors (14336K)
 Metaspace       used 103755K, capacity 106446K, committed 106580K, reserved 1140736K
  class space    used 13475K, capacity 14499K, committed 14592K, reserved 1048576K
}
Event: 45.565 GC heap after
{Heap after GC invocations=25 (full 0):
 garbage-first heap   total 284672K, used 110002K [0x0000000080000000, 0x0000000100000000)
  region size 1024K, 12 young (12288K), 12 survivors (12288K)
 Metaspace       used 103755K, capacity 106446K, committed 106580K, reserved 1140736K
  class space    used 13475K, capacity 14499K, committed 14592K, reserved 1048576K
}
Event: 107.298 GC heap before
{Heap before GC invocations=25 (full 0):
 garbage-first heap   total 284672K, used 235954K [0x0000000080000000, 0x0000000100000000)
  region size 1024K, 136 young (139264K), 12 survivors (12288K)
 Metaspace       used 105312K, capacity 108140K, committed 108244K, reserved 1142784K
  class space    used 13626K, capacity 14667K, committed 14720K, reserved 1048576K
}
Event: 107.328 GC heap after
{Heap after GC invocations=26 (full 0):
 garbage-first heap   total 284672K, used 115358K [0x0000000080000000, 0x0000000100000000)
  region size 1024K, 10 young (10240K), 10 survivors (10240K)
 Metaspace       used 105312K, capacity 108140K, committed 108244K, reserved 1142784K
  class space    used 13626K, capacity 14667K, committed 14720K, reserved 1048576K
}
Event: 110.761 GC heap before
{Heap before GC invocations=26 (full 0):
 garbage-first heap   total 284672K, used 237214K [0x0000000080000000, 0x0000000100000000)
  region size 1024K, 130 young (133120K), 10 survivors (10240K)
 Metaspace       used 105648K, capacity 108509K, committed 108756K, reserved 1142784K
  class space    used 13632K, capacity 14676K, committed 14720K, reserved 1048576K
}
Event: 110.786 GC heap after
{Heap after GC invocations=27 (full 0):
 garbage-first heap   total 284672K, used 119402K [0x0000000080000000, 0x0000000100000000)
  region size 1024K, 10 young (10240K), 10 survivors (10240K)
 Metaspace       used 105648K, capacity 108509K, committed 108756K, reserved 1142784K
  class space    used 13632K, capacity 14676K, committed 14720K, reserved 1048576K
}

