# JRE version: OpenJDK Runtime Environment (11.0.12+7) (build 11.0.12+7-b1504.28-7817840)
# Java VM: OpenJDK 64-Bit Server VM (11.0.12+7-b1504.28-7817840, mixed mode, tiered, compressed oops, g1 gc, windows-amd64)
Heap:
 garbage-first heap   total 284672K, used 210270K [0x0000000080000000, 0x0000000100000000)
  region size 1024K, 163 young (166912K), 17 survivors (17408K)
 Metaspace       used 81804K, capacity 83515K, committed 83712K, reserved 1122304K
  class space    used 10539K, capacity 11198K, committed 11264K, reserved 1048576K
GC Heap History (20 events):
Event: 0.588 GC heap before
{Heap before GC invocations=0 (full 0):
 garbage-first heap   total 196608K, used 20480K [0x0000000080000000, 0x0000000100000000)
  region size 1024K, 14 young (14336K), 0 survivors (0K)
 Metaspace       used 6733K, capacity 6929K, committed 7168K, reserved 1056768K
  class space    used 584K, capacity 650K, committed 768K, reserved 1048576K
}
Event: 0.593 GC heap after
{Heap after GC invocations=1 (full 0):
 garbage-first heap   total 196608K, used 7956K [0x0000000080000000, 0x0000000100000000)
  region size 1024K, 2 young (2048K), 2 survivors (2048K)
 Metaspace       used 6733K, capacity 6929K, committed 7168K, reserved 1056768K
  class space    used 584K, capacity 650K, committed 768K, reserved 1048576K
}
Event: 1.340 GC heap before
{Heap before GC invocations=1 (full 0):
 garbage-first heap   total 196608K, used 39700K [0x0000000080000000, 0x0000000100000000)
  region size 1024K, 33 young (33792K), 2 survivors (2048K)
 Metaspace       used 11189K, capacity 11448K, committed 11520K, reserved 1058816K
  class space    used 1173K, capacity 1244K, committed 1280K, reserved 1048576K
}
Event: 1.346 GC heap after
{Heap after GC invocations=2 (full 0):
 garbage-first heap   total 196608K, used 10126K [0x0000000080000000, 0x0000000100000000)
  region size 1024K, 5 young (5120K), 5 survivors (5120K)
 Metaspace       used 11189K, capacity 11448K, committed 11520K, reserved 1058816K
  class space    used 1173K, capacity 1244K, committed 1280K, reserved 1048576K
}
Event: 1.898 GC heap before
{Heap before GC invocations=2 (full 0):
 garbage-first heap   total 196608K, used 44942K [0x0000000080000000, 0x0000000100000000)
  region size 1024K, 39 young (39936K), 5 survivors (5120K)
 Metaspace       used 13945K, capacity 14273K, committed 14464K, reserved 1062912K
  class space    used 1551K, capacity 1654K, committed 1664K, reserved 1048576K
}
Event: 1.905 GC heap after
{Heap after GC invocations=3 (full 0):
 garbage-first heap   total 196608K, used 15390K [0x0000000080000000, 0x0000000100000000)
  region size 1024K, 5 young (5120K), 5 survivors (5120K)
 Metaspace       used 13945K, capacity 14273K, committed 14464K, reserved 1062912K
  class space    used 1551K, capacity 1654K, committed 1664K, reserved 1048576K
}
Event: 3.338 GC heap before
{Heap before GC invocations=3 (full 0):
 garbage-first heap   total 196608K, used 58398K [0x0000000080000000, 0x0000000100000000)
  region size 1024K, 48 young (49152K), 5 survivors (5120K)
 Metaspace       used 20678K, capacity 21141K, committed 21248K, reserved 1067008K
  class space    used 2546K, capacity 2712K, committed 2816K, reserved 1048576K
}
Event: 3.348 GC heap after
{Heap after GC invocations=4 (full 0):
 garbage-first heap   total 196608K, used 17643K [0x0000000080000000, 0x0000000100000000)
  region size 1024K, 8 young (8192K), 8 survivors (8192K)
 Metaspace       used 20678K, capacity 21141K, committed 21248K, reserved 1067008K
  class space    used 2546K, capacity 2712K, committed 2816K, reserved 1048576K
}
Event: 4.322 GC heap before
{Heap before GC invocations=5 (full 0):
 garbage-first heap   total 196608K, used 72939K [0x0000000080000000, 0x0000000100000000)
  region size 1024K, 62 young (63488K), 8 survivors (8192K)
 Metaspace       used 26734K, capacity 27403K, committed 27520K, reserved 1073152K
  class space    used 3486K, capacity 3703K, committed 3712K, reserved 1048576K
}
Event: 4.334 GC heap after
{Heap after GC invocations=6 (full 0):
 garbage-first heap   total 196608K, used 19649K [0x0000000080000000, 0x0000000100000000)
  region size 1024K, 5 young (5120K), 5 survivors (5120K)
 Metaspace       used 26734K, capacity 27403K, committed 27520K, reserved 1073152K
  class space    used 3486K, capacity 3703K, committed 3712K, reserved 1048576K
}
Event: 5.532 GC heap before
{Heap before GC invocations=6 (full 0):
 garbage-first heap   total 196608K, used 76993K [0x0000000080000000, 0x0000000100000000)
  region size 1024K, 62 young (63488K), 5 survivors (5120K)
 Metaspace       used 34961K, capacity 35783K, committed 35840K, reserved 1081344K
  class space    used 4529K, capacity 4839K, committed 4864K, reserved 1048576K
}
Event: 5.550 GC heap after
{Heap after GC invocations=7 (full 0):
 garbage-first heap   total 236544K, used 22558K [0x0000000080000000, 0x0000000100000000)
  region size 1024K, 8 young (8192K), 8 survivors (8192K)
 Metaspace       used 34961K, capacity 35783K, committed 35840K, reserved 1081344K
  class space    used 4529K, capacity 4839K, committed 4864K, reserved 1048576K
}
Event: 7.672 GC heap before
{Heap before GC invocations=8 (full 0):
 garbage-first heap   total 236544K, used 158750K [0x0000000080000000, 0x0000000100000000)
  region size 1024K, 138 young (141312K), 8 survivors (8192K)
 Metaspace       used 45125K, capacity 46185K, committed 46464K, reserved 1089536K
  class space    used 5774K, capacity 6203K, committed 6272K, reserved 1048576K
}
Event: 7.695 GC heap after
{Heap after GC invocations=9 (full 0):
 garbage-first heap   total 236544K, used 31027K [0x0000000080000000, 0x0000000100000000)
  region size 1024K, 16 young (16384K), 16 survivors (16384K)
 Metaspace       used 45125K, capacity 46185K, committed 46464K, reserved 1089536K
  class space    used 5774K, capacity 6203K, committed 6272K, reserved 1048576K
}
Event: 10.928 GC heap before
{Heap before GC invocations=9 (full 0):
 garbage-first heap   total 236544K, used 155955K [0x0000000080000000, 0x0000000100000000)
  region size 1024K, 138 young (141312K), 16 survivors (16384K)
 Metaspace       used 55618K, capacity 56955K, committed 57088K, reserved 1099776K
  class space    used 7052K, capacity 7563K, committed 7680K, reserved 1048576K
}
Event: 10.960 GC heap after
{Heap after GC invocations=10 (full 0):
 garbage-first heap   total 236544K, used 36765K [0x0000000080000000, 0x0000000100000000)
  region size 1024K, 15 young (15360K), 15 survivors (15360K)
 Metaspace       used 55618K, capacity 56955K, committed 57088K, reserved 1099776K
  class space    used 7052K, capacity 7563K, committed 7680K, reserved 1048576K
}
Event: 12.773 GC heap before
{Heap before GC invocations=10 (full 0):
 garbage-first heap   total 236544K, used 98205K [0x0000000080000000, 0x0000000100000000)
  region size 1024K, 69 young (70656K), 15 survivors (15360K)
 Metaspace       used 58475K, capacity 59844K, committed 59904K, reserved 1101824K
  class space    used 7386K, capacity 7907K, committed 7936K, reserved 1048576K
}
Event: 12.817 GC heap after
{Heap after GC invocations=11 (full 0):
 garbage-first heap   total 236544K, used 54242K [0x0000000080000000, 0x0000000100000000)
  region size 1024K, 16 young (16384K), 16 survivors (16384K)
 Metaspace       used 58475K, capacity 59844K, committed 59904K, reserved 1101824K
  class space    used 7386K, capacity 7907K, committed 7936K, reserved 1048576K
}
Event: 15.451 GC heap before
{Heap before GC invocations=12 (full 0):
 garbage-first heap   total 236544K, used 179170K [0x0000000080000000, 0x0000000100000000)
  region size 1024K, 138 young (141312K), 16 survivors (16384K)
 Metaspace       used 71208K, capacity 72867K, committed 73216K, reserved 1112064K
  class space    used 9001K, capacity 9611K, committed 9728K, reserved 1048576K
}
Event: 15.477 GC heap after
{Heap after GC invocations=13 (full 0):
 garbage-first heap   total 284672K, used 61790K [0x0000000080000000, 0x0000000100000000)
  region size 1024K, 17 young (17408K), 17 survivors (17408K)
 Metaspace       used 71208K, capacity 72867K, committed 73216K, reserved 1112064K
  class space    used 9001K, capacity 9611K, committed 9728K, reserved 1048576K
}

