# JRE version: OpenJDK Runtime Environment (11.0.12+7) (build 11.0.12+7-b1504.28-7817840)
# Java VM: OpenJDK 64-Bit Server VM (11.0.12+7-b1504.28-7817840, mixed mode, tiered, compressed oops, g1 gc, windows-amd64)
Heap:
 garbage-first heap   total 236544K, used 46296K [0x0000000741600000, 0x0000000800000000)
  region size 1024K, 27 young (27648K), 7 survivors (7168K)
 Metaspace       used 48828K, capacity 49461K, committed 49656K, reserved 1093632K
  class space    used 5810K, capacity 6060K, committed 6144K, reserved 1048576K
GC Heap History (10 events):
Event: 0.497 GC heap before
{Heap before GC invocations=0 (full 0):
 garbage-first heap   total 196608K, used 17408K [0x0000000741600000, 0x0000000800000000)
  region size 1024K, 14 young (14336K), 0 survivors (0K)
 Metaspace       used 9826K, capacity 9938K, committed 10112K, reserved 1058816K
  class space    used 842K, capacity 885K, committed 896K, reserved 1048576K
}
Event: 0.500 GC heap after
{Heap after GC invocations=1 (full 0):
 garbage-first heap   total 196608K, used 5326K [0x0000000741600000, 0x0000000800000000)
  region size 1024K, 2 young (2048K), 2 survivors (2048K)
 Metaspace       used 9826K, capacity 9938K, committed 10112K, reserved 1058816K
  class space    used 842K, capacity 885K, committed 896K, reserved 1048576K
}
Event: 1.487 GC heap before
{Heap before GC invocations=1 (full 0):
 garbage-first heap   total 196608K, used 51406K [0x0000000741600000, 0x0000000800000000)
  region size 1024K, 48 young (49152K), 2 survivors (2048K)
 Metaspace       used 20723K, capacity 20998K, committed 21248K, reserved 1069056K
  class space    used 2204K, capacity 2281K, committed 2304K, reserved 1048576K
}
Event: 1.502 GC heap after
{Heap after GC invocations=2 (full 0):
 garbage-first heap   total 196608K, used 9293K [0x0000000741600000, 0x0000000800000000)
  region size 1024K, 6 young (6144K), 6 survivors (6144K)
 Metaspace       used 20723K, capacity 20998K, committed 21248K, reserved 1069056K
  class space    used 2204K, capacity 2281K, committed 2304K, reserved 1048576K
}
Event: 2.676 GC heap before
{Heap before GC invocations=3 (full 0):
 garbage-first heap   total 196608K, used 62541K [0x0000000741600000, 0x0000000800000000)
  region size 1024K, 53 young (54272K), 6 survivors (6144K)
 Metaspace       used 32135K, capacity 32624K, committed 32768K, reserved 1077248K
  class space    used 3859K, capacity 4062K, committed 4096K, reserved 1048576K
}
Event: 2.693 GC heap after
{Heap after GC invocations=4 (full 0):
 garbage-first heap   total 196608K, used 20292K [0x0000000741600000, 0x0000000800000000)
  region size 1024K, 6 young (6144K), 6 survivors (6144K)
 Metaspace       used 32135K, capacity 32624K, committed 32768K, reserved 1077248K
  class space    used 3859K, capacity 4062K, committed 4096K, reserved 1048576K
}
Event: 2.938 GC heap before
{Heap before GC invocations=4 (full 0):
 garbage-first heap   total 196608K, used 31556K [0x0000000741600000, 0x0000000800000000)
  region size 1024K, 18 young (18432K), 6 survivors (6144K)
 Metaspace       used 34902K, capacity 35393K, committed 35584K, reserved 1081344K
  class space    used 4384K, capacity 4578K, committed 4608K, reserved 1048576K
}
Event: 2.956 GC heap after
{Heap after GC invocations=5 (full 0):
 garbage-first heap   total 196608K, used 22166K [0x0000000741600000, 0x0000000800000000)
  region size 1024K, 2 young (2048K), 2 survivors (2048K)
 Metaspace       used 34902K, capacity 35393K, committed 35584K, reserved 1081344K
  class space    used 4384K, capacity 4578K, committed 4608K, reserved 1048576K
}
Event: 4.110 GC heap before
{Heap before GC invocations=6 (full 0):
 garbage-first heap   total 196608K, used 74390K [0x0000000741600000, 0x0000000800000000)
  region size 1024K, 53 young (54272K), 2 survivors (2048K)
 Metaspace       used 45524K, capacity 46042K, committed 46456K, reserved 1089536K
  class space    used 5431K, capacity 5648K, committed 5760K, reserved 1048576K
}
Event: 4.127 GC heap after
{Heap after GC invocations=7 (full 0):
 garbage-first heap   total 236544K, used 24792K [0x0000000741600000, 0x0000000800000000)
  region size 1024K, 7 young (7168K), 7 survivors (7168K)
 Metaspace       used 45524K, capacity 46042K, committed 46456K, reserved 1089536K
  class space    used 5431K, capacity 5648K, committed 5760K, reserved 1048576K
}

