# JRE version: OpenJDK Runtime Environment (11.0.12+7) (build 11.0.12+7-b1504.28-7817840)
# Java VM: OpenJDK 64-Bit Server VM (11.0.12+7-b1504.28-7817840, mixed mode, tiered, compressed oops, g1 gc, windows-amd64)
Heap:
 garbage-first heap   total 196608K, used 77837K [0x0000000080000000, 0x0000000100000000)
  region size 1024K, 62 young (63488K), 9 survivors (9216K)
 Metaspace       used 39442K, capacity 40353K, committed 40700K, reserved 1085440K
  class space    used 5021K, capacity 5354K, committed 5452K, reserved 1048576K
GC Heap History (14 events):
Event: 0.654 GC heap before
{Heap before GC invocations=0 (full 0):
 garbage-first heap   total 196608K, used 19456K [0x0000000080000000, 0x0000000100000000)
  region size 1024K, 14 young (14336K), 0 survivors (0K)
 Metaspace       used 6763K, capacity 6937K, committed 7168K, reserved 1056768K
  class space    used 584K, capacity 650K, committed 768K, reserved 1048576K
}
Event: 0.659 GC heap after
{Heap after GC invocations=1 (full 0):
 garbage-first heap   total 196608K, used 8140K [0x0000000080000000, 0x0000000100000000)
  region size 1024K, 2 young (2048K), 2 survivors (2048K)
 Metaspace       used 6763K, capacity 6937K, committed 7168K, reserved 1056768K
  class space    used 584K, capacity 650K, committed 768K, reserved 1048576K
}
Event: 1.097 GC heap before
{Heap before GC invocations=1 (full 0):
 garbage-first heap   total 196608K, used 19404K [0x0000000080000000, 0x0000000100000000)
  region size 1024K, 13 young (13312K), 2 survivors (2048K)
 Metaspace       used 10268K, capacity 10565K, committed 10624K, reserved 1058816K
  class space    used 1072K, capacity 1139K, committed 1152K, reserved 1048576K
}
Event: 1.101 GC heap after
{Heap after GC invocations=2 (full 0):
 garbage-first heap   total 196608K, used 9432K [0x0000000080000000, 0x0000000100000000)
  region size 1024K, 2 young (2048K), 2 survivors (2048K)
 Metaspace       used 10268K, capacity 10565K, committed 10624K, reserved 1058816K
  class space    used 1072K, capacity 1139K, committed 1152K, reserved 1048576K
}
Event: 1.921 GC heap before
{Heap before GC invocations=2 (full 0):
 garbage-first heap   total 196608K, used 52440K [0x0000000080000000, 0x0000000100000000)
  region size 1024K, 44 young (45056K), 2 survivors (2048K)
 Metaspace       used 11375K, capacity 11704K, committed 11904K, reserved 1060864K
  class space    used 1200K, capacity 1284K, committed 1408K, reserved 1048576K
}
Event: 1.926 GC heap after
{Heap after GC invocations=3 (full 0):
 garbage-first heap   total 196608K, used 13757K [0x0000000080000000, 0x0000000100000000)
  region size 1024K, 6 young (6144K), 6 survivors (6144K)
 Metaspace       used 11375K, capacity 11704K, committed 11904K, reserved 1060864K
  class space    used 1200K, capacity 1284K, committed 1408K, reserved 1048576K
}
Event: 4.196 GC heap before
{Heap before GC invocations=3 (full 0):
 garbage-first heap   total 196608K, used 68029K [0x0000000080000000, 0x0000000100000000)
  region size 1024K, 59 young (60416K), 6 survivors (6144K)
 Metaspace       used 20168K, capacity 20628K, committed 20864K, reserved 1067008K
  class space    used 2488K, capacity 2645K, committed 2688K, reserved 1048576K
}
Event: 4.208 GC heap after
{Heap after GC invocations=4 (full 0):
 garbage-first heap   total 196608K, used 17040K [0x0000000080000000, 0x0000000100000000)
  region size 1024K, 4 young (4096K), 4 survivors (4096K)
 Metaspace       used 20168K, capacity 20628K, committed 20864K, reserved 1067008K
  class space    used 2488K, capacity 2645K, committed 2688K, reserved 1048576K
}
Event: 4.354 GC heap before
{Heap before GC invocations=4 (full 0):
 garbage-first heap   total 196608K, used 21136K [0x0000000080000000, 0x0000000100000000)
  region size 1024K, 9 young (9216K), 4 survivors (4096K)
 Metaspace       used 20716K, capacity 21181K, committed 21296K, reserved 1069056K
  class space    used 2545K, capacity 2680K, committed 2688K, reserved 1048576K
}
Event: 4.363 GC heap after
{Heap after GC invocations=5 (full 0):
 garbage-first heap   total 196608K, used 17347K [0x0000000080000000, 0x0000000100000000)
  region size 1024K, 4 young (4096K), 4 survivors (4096K)
 Metaspace       used 20716K, capacity 21181K, committed 21296K, reserved 1069056K
  class space    used 2545K, capacity 2680K, committed 2688K, reserved 1048576K
}
Event: 8.260 GC heap before
{Heap before GC invocations=6 (full 0):
 garbage-first heap   total 196608K, used 91075K [0x0000000080000000, 0x0000000100000000)
  region size 1024K, 76 young (77824K), 4 survivors (4096K)
 Metaspace       used 27863K, capacity 28491K, committed 28720K, reserved 1075200K
  class space    used 3660K, capacity 3895K, committed 3968K, reserved 1048576K
}
Event: 8.273 GC heap after
{Heap after GC invocations=7 (full 0):
 garbage-first heap   total 196608K, used 19578K [0x0000000080000000, 0x0000000100000000)
  region size 1024K, 6 young (6144K), 6 survivors (6144K)
 Metaspace       used 27863K, capacity 28491K, committed 28720K, reserved 1075200K
  class space    used 3660K, capacity 3895K, committed 3968K, reserved 1048576K
}
Event: 10.449 GC heap before
{Heap before GC invocations=7 (full 0):
 garbage-first heap   total 196608K, used 59514K [0x0000000080000000, 0x0000000100000000)
  region size 1024K, 46 young (47104K), 6 survivors (6144K)
 Metaspace       used 34859K, capacity 35663K, committed 35708K, reserved 1081344K
  class space    used 4510K, capacity 4839K, committed 4864K, reserved 1048576K
}
Event: 10.468 GC heap after
{Heap after GC invocations=8 (full 0):
 garbage-first heap   total 196608K, used 22541K [0x0000000080000000, 0x0000000100000000)
  region size 1024K, 9 young (9216K), 9 survivors (9216K)
 Metaspace       used 34859K, capacity 35663K, committed 35708K, reserved 1081344K
  class space    used 4510K, capacity 4839K, committed 4864K, reserved 1048576K
}

