# JRE version: OpenJDK Runtime Environment (11.0.12+7) (build 11.0.12+7-b1504.28-7817840)
# Java VM: OpenJDK 64-Bit Server VM (11.0.12+7-b1504.28-7817840, mixed mode, tiered, compressed oops, g1 gc, windows-amd64)
Heap:
 garbage-first heap   total 284672K, used 88008K [0x0000000080000000, 0x0000000100000000)
  region size 1024K, 12 young (12288K), 12 survivors (12288K)
 Metaspace       used 92541K, capacity 94732K, committed 95052K, reserved 1132544K
  class space    used 11998K, capacity 12855K, committed 12928K, reserved 1048576K
GC Heap History (20 events):
Event: 4.519 GC heap after
{Heap after GC invocations=7 (full 0):
 garbage-first heap   total 196608K, used 19374K [0x0000000080000000, 0x0000000100000000)
  region size 1024K, 3 young (3072K), 3 survivors (3072K)
 Metaspace       used 26151K, capacity 26754K, committed 27008K, reserved 1073152K
  class space    used 3386K, capacity 3588K, committed 3712K, reserved 1048576K
}
Event: 5.909 GC heap before
{Heap before GC invocations=7 (full 0):
 garbage-first heap   total 196608K, used 79790K [0x0000000080000000, 0x0000000100000000)
  region size 1024K, 63 young (64512K), 3 survivors (3072K)
 Metaspace       used 34971K, capacity 35783K, committed 35840K, reserved 1081344K
  class space    used 4525K, capacity 4839K, committed 4864K, reserved 1048576K
}
Event: 5.928 GC heap after
{Heap after GC invocations=8 (full 0):
 garbage-first heap   total 196608K, used 22416K [0x0000000080000000, 0x0000000100000000)
  region size 1024K, 6 young (6144K), 6 survivors (6144K)
 Metaspace       used 34971K, capacity 35783K, committed 35840K, reserved 1081344K
  class space    used 4525K, capacity 4839K, committed 4864K, reserved 1048576K
}
Event: 7.653 GC heap before
{Heap before GC invocations=9 (full 0):
 garbage-first heap   total 196608K, used 104336K [0x0000000080000000, 0x0000000100000000)
  region size 1024K, 84 young (86016K), 6 survivors (6144K)
 Metaspace       used 41593K, capacity 42530K, committed 42828K, reserved 1087488K
  class space    used 5335K, capacity 5690K, committed 5760K, reserved 1048576K
}
Event: 7.675 GC heap after
{Heap after GC invocations=10 (full 0):
 garbage-first heap   total 196608K, used 29143K [0x0000000080000000, 0x0000000100000000)
  region size 1024K, 11 young (11264K), 11 survivors (11264K)
 Metaspace       used 41593K, capacity 42530K, committed 42828K, reserved 1087488K
  class space    used 5335K, capacity 5690K, committed 5760K, reserved 1048576K
}
Event: 9.012 GC heap before
{Heap before GC invocations=10 (full 0):
 garbage-first heap   total 196608K, used 118231K [0x0000000080000000, 0x0000000100000000)
  region size 1024K, 98 young (100352K), 11 survivors (11264K)
 Metaspace       used 48951K, capacity 50156K, committed 50380K, reserved 1093632K
  class space    used 6300K, capacity 6785K, committed 6912K, reserved 1048576K
}
Event: 9.035 GC heap after
{Heap after GC invocations=11 (full 0):
 garbage-first heap   total 196608K, used 32921K [0x0000000080000000, 0x0000000100000000)
  region size 1024K, 10 young (10240K), 10 survivors (10240K)
 Metaspace       used 48951K, capacity 50156K, committed 50380K, reserved 1093632K
  class space    used 6300K, capacity 6785K, committed 6912K, reserved 1048576K
}
Event: 12.346 GC heap before
{Heap before GC invocations=11 (full 0):
 garbage-first heap   total 196608K, used 128153K [0x0000000080000000, 0x0000000100000000)
  region size 1024K, 103 young (105472K), 10 survivors (10240K)
 Metaspace       used 55848K, capacity 57181K, committed 57292K, reserved 1099776K
  class space    used 7071K, capacity 7573K, committed 7680K, reserved 1048576K
}
Event: 12.374 GC heap after
{Heap after GC invocations=12 (full 0):
 garbage-first heap   total 196608K, used 38237K [0x0000000080000000, 0x0000000100000000)
  region size 1024K, 10 young (10240K), 10 survivors (10240K)
 Metaspace       used 55848K, capacity 57181K, committed 57292K, reserved 1099776K
  class space    used 7071K, capacity 7573K, committed 7680K, reserved 1048576K
}
Event: 14.109 GC heap before
{Heap before GC invocations=12 (full 0):
 garbage-first heap   total 196608K, used 88413K [0x0000000080000000, 0x0000000100000000)
  region size 1024K, 52 young (53248K), 10 survivors (10240K)
 Metaspace       used 58757K, capacity 60084K, committed 60236K, reserved 1101824K
  class space    used 7431K, capacity 7946K, committed 8064K, reserved 1048576K
}
Event: 14.138 GC heap after
{Heap after GC invocations=13 (full 0):
 garbage-first heap   total 236544K, used 55150K [0x0000000080000000, 0x0000000100000000)
  region size 1024K, 14 young (14336K), 14 survivors (14336K)
 Metaspace       used 58757K, capacity 60084K, committed 60236K, reserved 1101824K
  class space    used 7431K, capacity 7946K, committed 8064K, reserved 1048576K
}
Event: 16.626 GC heap before
{Heap before GC invocations=14 (full 0):
 garbage-first heap   total 236544K, used 175982K [0x0000000080000000, 0x0000000100000000)
  region size 1024K, 132 young (135168K), 14 survivors (14336K)
 Metaspace       used 71032K, capacity 72689K, committed 72908K, reserved 1112064K
  class space    used 8989K, capacity 9617K, committed 9728K, reserved 1048576K
}
Event: 16.662 GC heap after
{Heap after GC invocations=15 (full 0):
 garbage-first heap   total 236544K, used 62149K [0x0000000080000000, 0x0000000100000000)
  region size 1024K, 16 young (16384K), 16 survivors (16384K)
 Metaspace       used 71032K, capacity 72689K, committed 72908K, reserved 1112064K
  class space    used 8989K, capacity 9617K, committed 9728K, reserved 1048576K
}
Event: 19.512 GC heap before
{Heap before GC invocations=16 (full 0):
 garbage-first heap   total 236544K, used 180933K [0x0000000080000000, 0x0000000100000000)
  region size 1024K, 132 young (135168K), 16 survivors (16384K)
 Metaspace       used 79003K, capacity 80708K, committed 80972K, reserved 1120256K
  class space    used 10192K, capacity 10827K, committed 10880K, reserved 1048576K
}
Event: 19.546 GC heap after
{Heap after GC invocations=17 (full 0):
 garbage-first heap   total 236544K, used 69071K [0x0000000080000000, 0x0000000100000000)
  region size 1024K, 14 young (14336K), 14 survivors (14336K)
 Metaspace       used 79003K, capacity 80708K, committed 80972K, reserved 1120256K
  class space    used 10192K, capacity 10827K, committed 10880K, reserved 1048576K
}
Event: 22.839 GC heap before
{Heap before GC invocations=17 (full 0):
 garbage-first heap   total 236544K, used 184783K [0x0000000080000000, 0x0000000100000000)
  region size 1024K, 127 young (130048K), 14 survivors (14336K)
 Metaspace       used 88522K, capacity 90418K, committed 90572K, reserved 1128448K
  class space    used 11486K, capacity 12196K, committed 12288K, reserved 1048576K
}
Event: 22.870 GC heap after
{Heap after GC invocations=18 (full 0):
 garbage-first heap   total 236544K, used 75683K [0x0000000080000000, 0x0000000100000000)
  region size 1024K, 14 young (14336K), 14 survivors (14336K)
 Metaspace       used 88522K, capacity 90418K, committed 90572K, reserved 1128448K
  class space    used 11486K, capacity 12196K, committed 12288K, reserved 1048576K
}
Event: 25.808 GC heap before
{Heap before GC invocations=18 (full 0):
 garbage-first heap   total 236544K, used 186275K [0x0000000080000000, 0x0000000100000000)
  region size 1024K, 123 young (125952K), 14 survivors (14336K)
 Metaspace       used 91812K, capacity 93966K, committed 94156K, reserved 1130496K
  class space    used 11938K, capacity 12756K, committed 12800K, reserved 1048576K
}
Event: 25.854 GC heap after
{Heap after GC invocations=19 (full 0):
 garbage-first heap   total 236544K, used 81920K [0x0000000080000000, 0x0000000100000000)
  region size 1024K, 13 young (13312K), 13 survivors (13312K)
 Metaspace       used 91812K, capacity 93966K, committed 94156K, reserved 1130496K
  class space    used 11938K, capacity 12756K, committed 12800K, reserved 1048576K
}
Event: 29.884 GC heap before
{Heap before GC invocations=19 (full 0):
 garbage-first heap   total 236544K, used 188416K [0x0000000080000000, 0x0000000100000000)
  region size 1024K, 118 young (120832K), 13 survivors (13312K)
 Metaspace       used 92541K, capacity 94732K, committed 95052K, reserved 1132544K
  class space    used 11998K, capacity 12855K, committed 12928K, reserved 1048576K
}

