# JRE version: OpenJDK Runtime Environment (11.0.12+7) (build 11.0.12+7-b1504.28-7817840)
# Java VM: OpenJDK 64-Bit Server VM (11.0.12+7-b1504.28-7817840, mixed mode, tiered, compressed oops, g1 gc, windows-amd64)
Heap:
 garbage-first heap   total 236544K, used 72955K [0x0000000080000000, 0x0000000100000000)
  region size 1024K, 32 young (32768K), 13 survivors (13312K)
 Metaspace       used 60914K, capacity 62412K, committed 62500K, reserved 1103872K
  class space    used 7710K, capacity 8272K, committed 8320K, reserved 1048576K
GC Heap History (20 events):
Event: 1.412 GC heap before
{Heap before GC invocations=1 (full 0):
 garbage-first heap   total 196608K, used 20216K [0x0000000080000000, 0x0000000100000000)
  region size 1024K, 14 young (14336K), 2 survivors (2048K)
 Metaspace       used 10301K, capacity 10565K, committed 10624K, reserved 1058816K
  class space    used 1072K, capacity 1139K, committed 1152K, reserved 1048576K
}
Event: 1.416 GC heap after
{Heap after GC invocations=2 (full 0):
 garbage-first heap   total 196608K, used 9710K [0x0000000080000000, 0x0000000100000000)
  region size 1024K, 2 young (2048K), 2 survivors (2048K)
 Metaspace       used 10301K, capacity 10565K, committed 10624K, reserved 1058816K
  class space    used 1072K, capacity 1139K, committed 1152K, reserved 1048576K
}
Event: 1.959 GC heap before
{Heap before GC invocations=2 (full 0):
 garbage-first heap   total 196608K, used 40430K [0x0000000080000000, 0x0000000100000000)
  region size 1024K, 32 young (32768K), 2 survivors (2048K)
 Metaspace       used 11258K, capacity 11520K, committed 11776K, reserved 1060864K
  class space    used 1175K, capacity 1244K, committed 1280K, reserved 1048576K
}
Event: 1.962 GC heap after
{Heap after GC invocations=3 (full 0):
 garbage-first heap   total 196608K, used 13061K [0x0000000080000000, 0x0000000100000000)
  region size 1024K, 4 young (4096K), 4 survivors (4096K)
 Metaspace       used 11258K, capacity 11520K, committed 11776K, reserved 1060864K
  class space    used 1175K, capacity 1244K, committed 1280K, reserved 1048576K
}
Event: 3.451 GC heap before
{Heap before GC invocations=3 (full 0):
 garbage-first heap   total 196608K, used 57093K [0x0000000080000000, 0x0000000100000000)
  region size 1024K, 47 young (48128K), 4 survivors (4096K)
 Metaspace       used 18019K, capacity 18499K, committed 18688K, reserved 1064960K
  class space    used 2143K, capacity 2276K, committed 2304K, reserved 1048576K
}
Event: 3.463 GC heap after
{Heap after GC invocations=4 (full 0):
 garbage-first heap   total 196608K, used 16998K [0x0000000080000000, 0x0000000100000000)
  region size 1024K, 6 young (6144K), 6 survivors (6144K)
 Metaspace       used 18019K, capacity 18499K, committed 18688K, reserved 1064960K
  class space    used 2143K, capacity 2276K, committed 2304K, reserved 1048576K
}
Event: 3.802 GC heap before
{Heap before GC invocations=4 (full 0):
 garbage-first heap   total 196608K, used 40550K [0x0000000080000000, 0x0000000100000000)
  region size 1024K, 30 young (30720K), 6 survivors (6144K)
 Metaspace       used 20688K, capacity 21181K, committed 21296K, reserved 1069056K
  class space    used 2544K, capacity 2680K, committed 2688K, reserved 1048576K
}
Event: 3.809 GC heap after
{Heap after GC invocations=5 (full 0):
 garbage-first heap   total 196608K, used 17680K [0x0000000080000000, 0x0000000100000000)
  region size 1024K, 5 young (5120K), 5 survivors (5120K)
 Metaspace       used 20688K, capacity 21181K, committed 21296K, reserved 1069056K
  class space    used 2544K, capacity 2680K, committed 2688K, reserved 1048576K
}
Event: 4.768 GC heap before
{Heap before GC invocations=6 (full 0):
 garbage-first heap   total 196608K, used 69904K [0x0000000080000000, 0x0000000100000000)
  region size 1024K, 57 young (58368K), 5 survivors (5120K)
 Metaspace       used 26231K, capacity 26770K, committed 27008K, reserved 1073152K
  class space    used 3399K, capacity 3591K, committed 3712K, reserved 1048576K
}
Event: 4.778 GC heap after
{Heap after GC invocations=7 (full 0):
 garbage-first heap   total 196608K, used 19984K [0x0000000080000000, 0x0000000100000000)
  region size 1024K, 3 young (3072K), 3 survivors (3072K)
 Metaspace       used 26231K, capacity 26770K, committed 27008K, reserved 1073152K
  class space    used 3399K, capacity 3591K, committed 3712K, reserved 1048576K
}
Event: 6.058 GC heap before
{Heap before GC invocations=7 (full 0):
 garbage-first heap   total 196608K, used 80400K [0x0000000080000000, 0x0000000100000000)
  region size 1024K, 63 young (64512K), 3 survivors (3072K)
 Metaspace       used 35022K, capacity 35823K, committed 35968K, reserved 1081344K
  class space    used 4543K, capacity 4871K, committed 4992K, reserved 1048576K
}
Event: 6.077 GC heap after
{Heap after GC invocations=8 (full 0):
 garbage-first heap   total 196608K, used 23020K [0x0000000080000000, 0x0000000100000000)
  region size 1024K, 6 young (6144K), 6 survivors (6144K)
 Metaspace       used 35022K, capacity 35823K, committed 35968K, reserved 1081344K
  class space    used 4543K, capacity 4871K, committed 4992K, reserved 1048576K
}
Event: 7.408 GC heap before
{Heap before GC invocations=9 (full 0):
 garbage-first heap   total 196608K, used 105964K [0x0000000080000000, 0x0000000100000000)
  region size 1024K, 85 young (87040K), 6 survivors (6144K)
 Metaspace       used 41632K, capacity 42539K, committed 42624K, reserved 1085440K
  class space    used 5338K, capacity 5690K, committed 5760K, reserved 1048576K
}
Event: 7.429 GC heap after
{Heap after GC invocations=10 (full 0):
 garbage-first heap   total 196608K, used 29347K [0x0000000080000000, 0x0000000100000000)
  region size 1024K, 11 young (11264K), 11 survivors (11264K)
 Metaspace       used 41632K, capacity 42539K, committed 42624K, reserved 1085440K
  class space    used 5338K, capacity 5690K, committed 5760K, reserved 1048576K
}
Event: 9.005 GC heap before
{Heap before GC invocations=10 (full 0):
 garbage-first heap   total 196608K, used 119459K [0x0000000080000000, 0x0000000100000000)
  region size 1024K, 99 young (101376K), 11 survivors (11264K)
 Metaspace       used 49744K, capacity 51006K, committed 51200K, reserved 1093632K
  class space    used 6361K, capacity 6852K, committed 6912K, reserved 1048576K
}
Event: 9.031 GC heap after
{Heap after GC invocations=11 (full 0):
 garbage-first heap   total 196608K, used 33275K [0x0000000080000000, 0x0000000100000000)
  region size 1024K, 10 young (10240K), 10 survivors (10240K)
 Metaspace       used 49744K, capacity 51006K, committed 51200K, reserved 1093632K
  class space    used 6361K, capacity 6852K, committed 6912K, reserved 1048576K
}
Event: 11.972 GC heap before
{Heap before GC invocations=11 (full 0):
 garbage-first heap   total 196608K, used 129531K [0x0000000080000000, 0x0000000100000000)
  region size 1024K, 104 young (106496K), 10 survivors (10240K)
 Metaspace       used 55917K, capacity 57244K, committed 57600K, reserved 1099776K
  class space    used 7069K, capacity 7570K, committed 7680K, reserved 1048576K
}
Event: 11.995 GC heap after
{Heap after GC invocations=12 (full 0):
 garbage-first heap   total 236544K, used 39196K [0x0000000080000000, 0x0000000100000000)
  region size 1024K, 10 young (10240K), 10 survivors (10240K)
 Metaspace       used 55917K, capacity 57244K, committed 57600K, reserved 1099776K
  class space    used 7069K, capacity 7570K, committed 7680K, reserved 1048576K
}
Event: 12.748 GC heap before
{Heap before GC invocations=12 (full 0):
 garbage-first heap   total 236544K, used 86300K [0x0000000080000000, 0x0000000100000000)
  region size 1024K, 49 young (50176K), 10 survivors (10240K)
 Metaspace       used 58699K, capacity 60136K, committed 60288K, reserved 1101824K
  class space    used 7414K, capacity 7940K, committed 8064K, reserved 1048576K
}
Event: 12.767 GC heap after
{Heap after GC invocations=13 (full 0):
 garbage-first heap   total 236544K, used 54523K [0x0000000080000000, 0x0000000100000000)
  region size 1024K, 13 young (13312K), 13 survivors (13312K)
 Metaspace       used 58699K, capacity 60136K, committed 60288K, reserved 1101824K
  class space    used 7414K, capacity 7940K, committed 8064K, reserved 1048576K
}

