# JRE version: OpenJDK Runtime Environment (11.0.12+7) (build 11.0.12+7-b1504.28-7817840)
# Java VM: OpenJDK 64-Bit Server VM (11.0.12+7-b1504.28-7817840, mixed mode, tiered, compressed oops, g1 gc, windows-amd64)
Heap:
 garbage-first heap   total 251904K, used 179420K [0x0000000080000000, 0x0000000100000000)
  region size 1024K, 2 young (2048K), 2 survivors (2048K)
 Metaspace       used 111250K, capacity 113904K, committed 114072K, reserved 1148928K
  class space    used 14368K, capacity 15359K, committed 15436K, reserved 1048576K
GC Heap History (20 events):
Event: 98.753 GC heap after
{Heap after GC invocations=32 (full 0):
 garbage-first heap   total 196608K, used 126020K [0x0000000080000000, 0x0000000100000000)
  region size 1024K, 8 young (8192K), 8 survivors (8192K)
 Metaspace       used 106389K, capacity 108923K, committed 109080K, reserved 1144832K
  class space    used 13571K, capacity 14508K, committed 14540K, reserved 1048576K
}
Event: 98.778 GC heap before
{Heap before GC invocations=32 (full 0):
 garbage-first heap   total 196608K, used 126020K [0x0000000080000000, 0x0000000100000000)
  region size 1024K, 9 young (9216K), 8 survivors (8192K)
 Metaspace       used 106577K, capacity 109051K, committed 109336K, reserved 1144832K
  class space    used 13592K, capacity 14508K, committed 14540K, reserved 1048576K
}
Event: 98.825 GC heap after
{Heap after GC invocations=33 (full 0):
 garbage-first heap   total 196608K, used 123536K [0x0000000080000000, 0x0000000100000000)
  region size 1024K, 1 young (1024K), 1 survivors (1024K)
 Metaspace       used 106577K, capacity 109051K, committed 109336K, reserved 1144832K
  class space    used 13592K, capacity 14508K, committed 14540K, reserved 1048576K
}
Event: 99.227 GC heap before
{Heap before GC invocations=33 (full 0):
 garbage-first heap   total 196608K, used 133776K [0x0000000080000000, 0x0000000100000000)
  region size 1024K, 13 young (13312K), 1 survivors (1024K)
 Metaspace       used 108726K, capacity 111307K, committed 111512K, reserved 1146880K
  class space    used 13892K, capacity 14815K, committed 14924K, reserved 1048576K
}
Event: 99.238 GC heap after
{Heap after GC invocations=34 (full 0):
 garbage-first heap   total 196608K, used 125244K [0x0000000080000000, 0x0000000100000000)
  region size 1024K, 3 young (3072K), 3 survivors (3072K)
 Metaspace       used 108726K, capacity 111307K, committed 111512K, reserved 1146880K
  class space    used 13892K, capacity 14815K, committed 14924K, reserved 1048576K
}
Event: 99.980 GC heap before
{Heap before GC invocations=35 (full 0):
 garbage-first heap   total 196608K, used 191804K [0x0000000080000000, 0x0000000100000000)
  region size 1024K, 41 young (41984K), 3 survivors (3072K)
 Metaspace       used 108968K, capacity 111553K, committed 111768K, reserved 1146880K
  class space    used 13922K, capacity 14854K, committed 14924K, reserved 1048576K
}
Event: 100.007 GC heap after
{Heap after GC invocations=36 (full 0):
 garbage-first heap   total 209920K, used 149979K [0x0000000080000000, 0x0000000100000000)
  region size 1024K, 6 young (6144K), 6 survivors (6144K)
 Metaspace       used 108968K, capacity 111553K, committed 111768K, reserved 1146880K
  class space    used 13922K, capacity 14854K, committed 14924K, reserved 1048576K
}
Event: 100.038 GC heap before
{Heap before GC invocations=36 (full 0):
 garbage-first heap   total 209920K, used 154075K [0x0000000080000000, 0x0000000100000000)
  region size 1024K, 10 young (10240K), 6 survivors (6144K)
 Metaspace       used 108968K, capacity 111553K, committed 111768K, reserved 1146880K
  class space    used 13922K, capacity 14854K, committed 14924K, reserved 1048576K
}
Event: 100.058 GC heap after
{Heap after GC invocations=37 (full 0):
 garbage-first heap   total 209920K, used 151714K [0x0000000080000000, 0x0000000100000000)
  region size 1024K, 2 young (2048K), 2 survivors (2048K)
 Metaspace       used 108968K, capacity 111553K, committed 111768K, reserved 1146880K
  class space    used 13922K, capacity 14854K, committed 14924K, reserved 1048576K
}
Event: 100.069 GC heap before
{Heap before GC invocations=37 (full 0):
 garbage-first heap   total 209920K, used 152738K [0x0000000080000000, 0x0000000100000000)
  region size 1024K, 4 young (4096K), 2 survivors (2048K)
 Metaspace       used 108968K, capacity 111553K, committed 111768K, reserved 1146880K
  class space    used 13922K, capacity 14854K, committed 14924K, reserved 1048576K
}
Event: 100.077 GC heap after
{Heap after GC invocations=38 (full 0):
 garbage-first heap   total 209920K, used 152236K [0x0000000080000000, 0x0000000100000000)
  region size 1024K, 2 young (2048K), 2 survivors (2048K)
 Metaspace       used 108968K, capacity 111553K, committed 111768K, reserved 1146880K
  class space    used 13922K, capacity 14854K, committed 14924K, reserved 1048576K
}
Event: 100.347 GC heap before
{Heap before GC invocations=38 (full 0):
 garbage-first heap   total 209920K, used 174764K [0x0000000080000000, 0x0000000100000000)
  region size 1024K, 22 young (22528K), 2 survivors (2048K)
 Metaspace       used 109842K, capacity 112459K, committed 112792K, reserved 1146880K
  class space    used 14096K, capacity 15073K, committed 15180K, reserved 1048576K
}
Event: 100.371 GC heap after
{Heap after GC invocations=39 (full 0):
 garbage-first heap   total 209920K, used 161136K [0x0000000080000000, 0x0000000100000000)
  region size 1024K, 3 young (3072K), 3 survivors (3072K)
 Metaspace       used 109842K, capacity 112459K, committed 112792K, reserved 1146880K
  class space    used 14096K, capacity 15073K, committed 15180K, reserved 1048576K
}
Event: 100.834 GC heap before
{Heap before GC invocations=40 (full 0):
 garbage-first heap   total 209920K, used 175472K [0x0000000080000000, 0x0000000100000000)
  region size 1024K, 17 young (17408K), 3 survivors (3072K)
 Metaspace       used 111213K, capacity 113903K, committed 114072K, reserved 1148928K
  class space    used 14368K, capacity 15359K, committed 15436K, reserved 1048576K
}
Event: 100.860 GC heap after
{Heap after GC invocations=41 (full 0):
 garbage-first heap   total 209920K, used 167127K [0x0000000080000000, 0x0000000100000000)
  region size 1024K, 3 young (3072K), 3 survivors (3072K)
 Metaspace       used 111213K, capacity 113903K, committed 114072K, reserved 1148928K
  class space    used 14368K, capacity 15359K, committed 15436K, reserved 1048576K
}
Event: 100.905 GC heap before
{Heap before GC invocations=41 (full 0):
 garbage-first heap   total 209920K, used 173271K [0x0000000080000000, 0x0000000100000000)
  region size 1024K, 10 young (10240K), 3 survivors (3072K)
 Metaspace       used 111225K, capacity 113903K, committed 114072K, reserved 1148928K
  class space    used 14368K, capacity 15359K, committed 15436K, reserved 1048576K
}
Event: 100.921 GC heap after
{Heap after GC invocations=42 (full 0):
 garbage-first heap   total 209920K, used 169984K [0x0000000080000000, 0x0000000100000000)
  region size 1024K, 2 young (2048K), 2 survivors (2048K)
 Metaspace       used 111225K, capacity 113903K, committed 114072K, reserved 1148928K
  class space    used 14368K, capacity 15359K, committed 15436K, reserved 1048576K
}
Event: 100.976 GC heap before
{Heap before GC invocations=42 (full 0):
 garbage-first heap   total 209920K, used 178176K [0x0000000080000000, 0x0000000100000000)
  region size 1024K, 10 young (10240K), 2 survivors (2048K)
 Metaspace       used 111246K, capacity 113904K, committed 114072K, reserved 1148928K
  class space    used 14368K, capacity 15359K, committed 15436K, reserved 1048576K
}
Event: 100.989 GC heap after
{Heap after GC invocations=43 (full 0):
 garbage-first heap   total 209920K, used 174890K [0x0000000080000000, 0x0000000100000000)
  region size 1024K, 2 young (2048K), 2 survivors (2048K)
 Metaspace       used 111246K, capacity 113904K, committed 114072K, reserved 1148928K
  class space    used 14368K, capacity 15359K, committed 15436K, reserved 1048576K
}
Event: 101.104 GC heap before
{Heap before GC invocations=43 (full 0):
 garbage-first heap   total 209920K, used 183082K [0x0000000080000000, 0x0000000100000000)
  region size 1024K, 10 young (10240K), 2 survivors (2048K)
 Metaspace       used 111250K, capacity 113904K, committed 114072K, reserved 1148928K
  class space    used 14368K, capacity 15359K, committed 15436K, reserved 1048576K
}

