# JRE version: OpenJDK Runtime Environment (11.0.12+7) (build 11.0.12+7-b1504.28-7817840)
# Java VM: OpenJDK 64-Bit Server VM (11.0.12+7-b1504.28-7817840, mixed mode, tiered, compressed oops, g1 gc, windows-amd64)
Heap:
 garbage-first heap   total 284672K, used 128890K [0x0000000080000000, 0x0000000100000000)
  region size 1024K, 33 young (33792K), 13 survivors (13312K)
 Metaspace       used 103796K, capacity 106394K, committed 106532K, reserved 1140736K
  class space    used 13481K, capacity 14503K, committed 14540K, reserved 1048576K
GC Heap History (20 events):
Event: 12.069 GC heap before
{Heap before GC invocations=11 (full 0):
 garbage-first heap   total 236544K, used 168116K [0x0000000080000000, 0x0000000100000000)
  region size 1024K, 136 young (139264K), 11 survivors (11264K)
 Metaspace       used 58606K, capacity 59936K, committed 60068K, reserved 1101824K
  class space    used 7401K, capacity 7939K, committed 8012K, reserved 1048576K
}
Event: 12.113 GC heap after
{Heap after GC invocations=12 (full 0):
 garbage-first heap   total 236544K, used 53689K [0x0000000080000000, 0x0000000100000000)
  region size 1024K, 17 young (17408K), 17 survivors (17408K)
 Metaspace       used 58606K, capacity 59936K, committed 60068K, reserved 1101824K
  class space    used 7401K, capacity 7939K, committed 8012K, reserved 1048576K
}
Event: 15.373 GC heap before
{Heap before GC invocations=13 (full 0):
 garbage-first heap   total 236544K, used 175545K [0x0000000080000000, 0x0000000100000000)
  region size 1024K, 136 young (139264K), 17 survivors (17408K)
 Metaspace       used 71360K, capacity 73000K, committed 73252K, reserved 1114112K
  class space    used 9005K, capacity 9611K, committed 9676K, reserved 1048576K
}
Event: 15.404 GC heap after
{Heap after GC invocations=14 (full 0):
 garbage-first heap   total 236544K, used 62323K [0x0000000080000000, 0x0000000100000000)
  region size 1024K, 8 young (8192K), 8 survivors (8192K)
 Metaspace       used 71360K, capacity 73000K, committed 73252K, reserved 1114112K
  class space    used 9005K, capacity 9611K, committed 9676K, reserved 1048576K
}
Event: 17.373 GC heap before
{Heap before GC invocations=14 (full 0):
 garbage-first heap   total 236544K, used 180083K [0x0000000080000000, 0x0000000100000000)
  region size 1024K, 123 young (125952K), 8 survivors (8192K)
 Metaspace       used 78309K, capacity 80032K, committed 80292K, reserved 1118208K
  class space    used 10066K, capacity 10730K, committed 10828K, reserved 1048576K
}
Event: 17.395 GC heap after
{Heap after GC invocations=15 (full 0):
 garbage-first heap   total 236544K, used 68467K [0x0000000080000000, 0x0000000100000000)
  region size 1024K, 14 young (14336K), 14 survivors (14336K)
 Metaspace       used 78309K, capacity 80032K, committed 80292K, reserved 1118208K
  class space    used 10066K, capacity 10730K, committed 10828K, reserved 1048576K
}
Event: 19.435 GC heap before
{Heap before GC invocations=15 (full 0):
 garbage-first heap   total 236544K, used 183155K [0x0000000080000000, 0x0000000100000000)
  region size 1024K, 126 young (129024K), 14 survivors (14336K)
 Metaspace       used 85718K, capacity 87593K, committed 87716K, reserved 1126400K
  class space    used 11094K, capacity 11798K, committed 11852K, reserved 1048576K
}
Event: 19.466 GC heap after
{Heap after GC invocations=16 (full 0):
 garbage-first heap   total 236544K, used 74801K [0x0000000080000000, 0x0000000100000000)
  region size 1024K, 14 young (14336K), 14 survivors (14336K)
 Metaspace       used 85718K, capacity 87593K, committed 87716K, reserved 1126400K
  class space    used 11094K, capacity 11798K, committed 11852K, reserved 1048576K
}
Event: 21.757 GC heap before
{Heap before GC invocations=16 (full 0):
 garbage-first heap   total 236544K, used 185393K [0x0000000080000000, 0x0000000100000000)
  region size 1024K, 122 young (124928K), 14 survivors (14336K)
 Metaspace       used 92300K, capacity 94425K, committed 94628K, reserved 1130496K
  class space    used 11986K, capacity 12788K, committed 12876K, reserved 1048576K
}
Event: 21.797 GC heap after
{Heap after GC invocations=17 (full 0):
 garbage-first heap   total 284672K, used 83255K [0x0000000080000000, 0x0000000100000000)
  region size 1024K, 15 young (15360K), 15 survivors (15360K)
 Metaspace       used 92300K, capacity 94425K, committed 94628K, reserved 1130496K
  class space    used 11986K, capacity 12788K, committed 12876K, reserved 1048576K
}
Event: 25.141 GC heap before
{Heap before GC invocations=17 (full 0):
 garbage-first heap   total 284672K, used 216375K [0x0000000080000000, 0x0000000100000000)
  region size 1024K, 145 young (148480K), 15 survivors (15360K)
 Metaspace       used 93638K, capacity 95837K, committed 96036K, reserved 1132544K
  class space    used 12129K, capacity 12979K, committed 13004K, reserved 1048576K
}
Event: 25.189 GC heap after
{Heap after GC invocations=18 (full 0):
 garbage-first heap   total 284672K, used 90259K [0x0000000080000000, 0x0000000100000000)
  region size 1024K, 15 young (15360K), 15 survivors (15360K)
 Metaspace       used 93638K, capacity 95837K, committed 96036K, reserved 1132544K
  class space    used 12129K, capacity 12979K, committed 13004K, reserved 1048576K
}
Event: 28.485 GC heap before
{Heap before GC invocations=18 (full 0):
 garbage-first heap   total 284672K, used 223379K [0x0000000080000000, 0x0000000100000000)
  region size 1024K, 146 young (149504K), 15 survivors (15360K)
 Metaspace       used 94461K, capacity 96718K, committed 96932K, reserved 1132544K
  class space    used 12226K, capacity 13101K, committed 13132K, reserved 1048576K
}
Event: 28.519 GC heap after
{Heap after GC invocations=19 (full 0):
 garbage-first heap   total 284672K, used 96372K [0x0000000080000000, 0x0000000100000000)
  region size 1024K, 13 young (13312K), 13 survivors (13312K)
 Metaspace       used 94461K, capacity 96718K, committed 96932K, reserved 1132544K
  class space    used 12226K, capacity 13101K, committed 13132K, reserved 1048576K
}
Event: 29.316 GC heap before
{Heap before GC invocations=19 (full 0):
 garbage-first heap   total 284672K, used 179316K [0x0000000080000000, 0x0000000100000000)
  region size 1024K, 95 young (97280K), 13 survivors (13312K)
 Metaspace       used 98141K, capacity 100398K, committed 100516K, reserved 1136640K
  class space    used 12704K, capacity 13581K, committed 13644K, reserved 1048576K
}
Event: 29.342 GC heap after
{Heap after GC invocations=20 (full 0):
 garbage-first heap   total 284672K, used 99177K [0x0000000080000000, 0x0000000100000000)
  region size 1024K, 9 young (9216K), 9 survivors (9216K)
 Metaspace       used 98141K, capacity 100398K, committed 100516K, reserved 1136640K
  class space    used 12704K, capacity 13581K, committed 13644K, reserved 1048576K
}
Event: 32.505 GC heap before
{Heap before GC invocations=21 (full 0):
 garbage-first heap   total 284672K, used 231273K [0x0000000080000000, 0x0000000100000000)
  region size 1024K, 139 young (142336K), 9 survivors (9216K)
 Metaspace       used 101916K, capacity 104305K, committed 104356K, reserved 1140736K
  class space    used 13194K, capacity 14111K, committed 14156K, reserved 1048576K
}
Event: 32.535 GC heap after
{Heap after GC invocations=22 (full 0):
 garbage-first heap   total 284672K, used 104809K [0x0000000080000000, 0x0000000100000000)
  region size 1024K, 14 young (14336K), 14 survivors (14336K)
 Metaspace       used 101916K, capacity 104305K, committed 104356K, reserved 1140736K
  class space    used 13194K, capacity 14111K, committed 14156K, reserved 1048576K
}
Event: 44.408 GC heap before
{Heap before GC invocations=23 (full 0):
 garbage-first heap   total 284672K, used 232809K [0x0000000080000000, 0x0000000100000000)
  region size 1024K, 140 young (143360K), 14 survivors (14336K)
 Metaspace       used 103691K, capacity 106314K, committed 106532K, reserved 1140736K
  class space    used 13479K, capacity 14500K, committed 14540K, reserved 1048576K
}
Event: 44.439 GC heap after
{Heap after GC invocations=24 (full 0):
 garbage-first heap   total 284672K, used 109434K [0x0000000080000000, 0x0000000100000000)
  region size 1024K, 13 young (13312K), 13 survivors (13312K)
 Metaspace       used 103691K, capacity 106314K, committed 106532K, reserved 1140736K
  class space    used 13479K, capacity 14500K, committed 14540K, reserved 1048576K
}

